
> vibe-generated-app@1.0.0 dev
> vite


  VITE v5.4.20  ready in 256 ms

  ➜  Local:   http://localhost:3000/
  ➜  Network: http://172.20.8.190:3000/
10:07:36 AM [vite] Pre-transform error: Transform failed with 1 error:
/home/workspace/src/components/Sections.jsx:50:22: ERROR: Expected "{" but found "["
10:07:38 AM [vite] Internal server error: Transform failed with 1 error:
/home/workspace/src/components/Sections.jsx:50:22: ERROR: Expected "{" but found "["
  Plugin: vite:esbuild
  File: /home/workspace/src/components/Sections.jsx:50:22
  
  Expected "{" but found "["
  48 |                location="South Jakarta, Jakarta, Indonesia · On-site"
  49 |                period="May 2024 – Present"
  50 |                bullets=[
     |                        ^
  51 |                  'Designed SIEM architecture and monitoring to cover critical security activities across environments.',
  52 |                  'Integrated security devices (Firewall, Antivirus, IPS/IDS) and SaaS/security platforms (Office 365, Microsoft Defender, CrowdStrike) via Syslog and APIs.',
  
      at failureErrorWithLog (/home/workspace/node_modules/esbuild/lib/main.js:1472:15)
      at /home/workspace/node_modules/esbuild/lib/main.js:755:50
      at responseCallbacks.<computed> (/home/workspace/node_modules/esbuild/lib/main.js:622:9)
      at handleIncomingPacket (/home/workspace/node_modules/esbuild/lib/main.js:677:12)
      at Socket.readFromStdout (/home/workspace/node_modules/esbuild/lib/main.js:600:7)
      at Socket.emit (node:events:508:28)
      at addChunk (node:internal/streams/readable:559:12)
      at readableAddChunkPushByteMode (node:internal/streams/readable:510:3)
      at Readable.push (node:internal/streams/readable:390:5)
      at Pipe.onStreamRead (node:internal/stream_base_commons:189:23)
10:07:38 AM [vite] Internal server error: Transform failed with 1 error:
/home/workspace/src/components/Sections.jsx:50:22: ERROR: Expected "{" but found "["
  Plugin: vite:esbuild
  File: /home/workspace/src/components/Sections.jsx:50:22
  
  Expected "{" but found "["
  48 |                location="South Jakarta, Jakarta, Indonesia · On-site"
  49 |                period="May 2024 – Present"
  50 |                bullets=[
     |                        ^
  51 |                  'Designed SIEM architecture and monitoring to cover critical security activities across environments.',
  52 |                  'Integrated security devices (Firewall, Antivirus, IPS/IDS) and SaaS/security platforms (Office 365, Microsoft Defender, CrowdStrike) via Syslog and APIs.',
  
      at failureErrorWithLog (/home/workspace/node_modules/esbuild/lib/main.js:1472:15)
      at /home/workspace/node_modules/esbuild/lib/main.js:755:50
      at responseCallbacks.<computed> (/home/workspace/node_modules/esbuild/lib/main.js:622:9)
      at handleIncomingPacket (/home/workspace/node_modules/esbuild/lib/main.js:677:12)
      at Socket.readFromStdout (/home/workspace/node_modules/esbuild/lib/main.js:600:7)
      at Socket.emit (node:events:508:28)
      at addChunk (node:internal/streams/readable:559:12)
      at readableAddChunkPushByteMode (node:internal/streams/readable:510:3)
      at Readable.push (node:internal/streams/readable:390:5)
      at Pipe.onStreamRead (node:internal/stream_base_commons:189:23)
10:07:57 AM [vite] Internal server error: Transform failed with 1 error:
/home/workspace/src/components/Sections.jsx:50:22: ERROR: Expected "{" but found "["
  Plugin: vite:esbuild
  File: /home/workspace/src/components/Sections.jsx:50:22
  
  Expected "{" but found "["
  48 |                location="South Jakarta, Jakarta, Indonesia · On-site"
  49 |                period="May 2024 – Present"
  50 |                bullets=[
     |                        ^
  51 |                  'Designed SIEM architecture and monitoring to cover critical security activities across environments.',
  52 |                  'Integrated security devices (Firewall, Antivirus, IPS/IDS) and SaaS/security platforms (Office 365, Microsoft Defender, CrowdStrike) via Syslog and APIs.',
  
      at failureErrorWithLog (/home/workspace/node_modules/esbuild/lib/main.js:1472:15)
      at /home/workspace/node_modules/esbuild/lib/main.js:755:50
      at responseCallbacks.<computed> (/home/workspace/node_modules/esbuild/lib/main.js:622:9)
      at handleIncomingPacket (/home/workspace/node_modules/esbuild/lib/main.js:677:12)
      at Socket.readFromStdout (/home/workspace/node_modules/esbuild/lib/main.js:600:7)
      at Socket.emit (node:events:508:28)
      at addChunk (node:internal/streams/readable:559:12)
      at readableAddChunkPushByteMode (node:internal/streams/readable:510:3)
      at Readable.push (node:internal/streams/readable:390:5)
      at Pipe.onStreamRead (node:internal/stream_base_commons:189:23)
10:07:58 AM [vite] Internal server error: Transform failed with 1 error:
/home/workspace/src/components/Sections.jsx:50:22: ERROR: Expected "{" but found "["
  Plugin: vite:esbuild
  File: /home/workspace/src/components/Sections.jsx:50:22
  
  Expected "{" but found "["
  48 |                location="South Jakarta, Jakarta, Indonesia · On-site"
  49 |                period="May 2024 – Present"
  50 |                bullets=[
     |                        ^
  51 |                  'Designed SIEM architecture and monitoring to cover critical security activities across environments.',
  52 |                  'Integrated security devices (Firewall, Antivirus, IPS/IDS) and SaaS/security platforms (Office 365, Microsoft Defender, CrowdStrike) via Syslog and APIs.',
  
      at failureErrorWithLog (/home/workspace/node_modules/esbuild/lib/main.js:1472:15)
      at /home/workspace/node_modules/esbuild/lib/main.js:755:50
      at responseCallbacks.<computed> (/home/workspace/node_modules/esbuild/lib/main.js:622:9)
      at handleIncomingPacket (/home/workspace/node_modules/esbuild/lib/main.js:677:12)
      at Socket.readFromStdout (/home/workspace/node_modules/esbuild/lib/main.js:600:7)
      at Socket.emit (node:events:508:28)
      at addChunk (node:internal/streams/readable:559:12)
      at readableAddChunkPushByteMode (node:internal/streams/readable:510:3)
      at Readable.push (node:internal/streams/readable:390:5)
      at Pipe.onStreamRead (node:internal/stream_base_commons:189:23)
